<?xml version="1.0" encoding="UTF-8"?>
<!-- Generated by org.testng.reporters.JUnitReportReporter -->
<testsuite hostname="KSI051" name="testNg.Login" tests="2" failures="0" timestamp="7 Jul 2019 10:57:52 GMT" time="8.350" errors="0">
  <testcase name="cartverification" time="6.384" classname="testNg.Login"/>
  <testcase name="searchFunctionality" time="1.966" classname="testNg.Login"/>
</testsuite> <!-- testNg.Login -->
