<?xml version="1.0" encoding="UTF-8"?>
<!-- Generated by org.testng.reporters.JUnitReportReporter -->
<testsuite name="testNg.Login" tests="2" time="7.335" ignored="0" failures="0" timestamp="07 Jul 2019 11:47:23 GMT" skipped="0" hostname="KSI051" errors="0">
  <testcase name="cartverification" time="5.359" classname="testNg.Login"/>
  <testcase name="searchFunctionality" time="1.976" classname="testNg.Login"/>
</testsuite> <!-- testNg.Login -->
